Passcibb makan Snack dengan lahap (Nutrisi: +5%)
?? Health Passcibb bertambah +2 HP.
? Passcibb menyukai rasa makanannya! (Happiness +15)
Passcibb makan Snack dengan lahap (Nutrisi: +5%)
?? Health Passcibb bertambah +2 HP.
? Passcibb menyukai rasa makanannya! (Happiness +15)
Passcibb makan Snack dengan lahap (Nutrisi: +5%)
?? Health Passcibb bertambah +2 HP.
? Passcibb menyukai rasa makanannya! (Happiness +15)
Passcibb mulai kenyang. Memakan Snack pelan-pelan (Nutrisi efektif: +2%)
?? Health Passcibb bertambah +1 HP.
? Passcibb menyukai rasa makanannya! (Happiness +15)
Passcibb mulai kenyang. Memakan Snack pelan-pelan (Nutrisi efektif: +2%)
?? Health Passcibb bertambah +1 HP.
? Passcibb menyukai rasa makanannya! (Happiness +15)
Passcibb mulai kenyang. Memakan Snack pelan-pelan (Nutrisi efektif: +2%)
?? Health Passcibb bertambah +1 HP.
? Passcibb menyukai rasa makanannya! (Happiness +15)
Passcibb mulai kenyang. Memakan Snack pelan-pelan (Nutrisi efektif: +2%)
?? Health Passcibb bertambah +1 HP.
? Passcibb menyukai rasa makanannya! (Happiness +15)
Passcibb mulai kenyang. Memakan Snack pelan-pelan (Nutrisi efektif: +2%)
?? Health Passcibb bertambah +1 HP.
? Passcibb menyukai rasa makanannya! (Happiness +15)
Passcibb mulai kenyang. Memakan Snack pelan-pelan (Nutrisi efektif: +2%)
?? Health Passcibb bertambah +1 HP.
? Passcibb menyukai rasa makanannya! (Happiness +15)
Passcibb mulai kenyang. Memakan Snack pelan-pelan (Nutrisi efektif: +2%)
?? Health Passcibb bertambah +1 HP.
? Passcibb menyukai rasa makanannya! (Happiness +15)
Passcibb mulai kenyang. Memakan Snack pelan-pelan (Nutrisi efektif: +2%)
?? Health Passcibb bertambah +1 HP.
? Passcibb menyukai rasa makanannya! (Happiness +15)
Passcibb mulai kenyang. Memakan Snack pelan-pelan (Nutrisi efektif: +2%)
?? Health Passcibb bertambah +1 HP.
? Passcibb menyukai rasa makanannya! (Happiness +15)
Passcibb mulai kenyang. Memakan Snack pelan-pelan (Nutrisi efektif: +2%)
?? Health Passcibb bertambah +1 HP.
? Passcibb menyukai rasa makanannya! (Happiness +15)
? Passcibb bermain bola benang dengan ceria!
? Passcibb dimandikan di Pet Shop! Bulunya disabun, dibilas, dan dikeringkan dengan hair dryer.
? Passcibb dikasih vitamin. Bulunya jadi lebih sehat dan berkilau!
? Passcibb dikasih vitamin. Bulunya jadi lebih sehat dan berkilau!
? Passcibb dikasih vitamin. Bulunya jadi lebih sehat dan berkilau!
? Passcibb dikasih vitamin. Bulunya jadi lebih sehat dan berkilau!
Passcibb sedang tidur...
